<?xml version="1.0" encoding="UTF-8"?>
<!-- Generated by org.testng.reporters.JUnitXMLReporter -->
<testsuite hostname="SUNNY-PC" name="Test" tests="3" failures="1" timestamp="5 Sep 2016 17:30:11 GMT" time="71.118" errors="0">
  <testcase name="verifyFacebookLoginPageDisplay" time="1.309" classname="TestWG.verifyFaceBookLoginpage"/>
  <testcase name="LoginIntoThePage" time="14.043" classname="TestWG.verifyLoginFunctionality"/>
  <testcase name="LoginForgotPassword" time="2.996" classname="TestWG.verifyForotPassword">
    <failure type="java.lang.AssertionError">
      <![CDATA[java.lang.AssertionError
	at TestWG.verifyForotPassword.LoginForgotPassword(verifyForotPassword.java:19)
... Removed 24 stack frames]]>
    </failure>
  </testcase> <!-- LoginForgotPassword -->
</testsuite> <!-- Test -->
