<!DOCTYPE html PUBLIC "-//W3C//DTD XHTML 1.1//EN" "http://www.w3.org/TR/xhtml11/DTD/xhtml11.dtd">
<html xmlns="http://www.w3.org/1999/xhtml"><head><title>TestNG Report</title><style type="text/css">table {margin-bottom:10px;border-collapse:collapse;empty-cells:show}th,td {border:1px solid #009;padding:.25em .5em}th {vertical-align:bottom}td {vertical-align:top}table a {font-weight:bold}.stripe td {background-color: #E6EBF9}.num {text-align:right}.passedodd td {background-color: #3F3}.passedeven td {background-color: #0A0}.skippedodd td {background-color: #DDD}.skippedeven td {background-color: #CCC}.failedodd td,.attn {background-color: #F33}.failedeven td,.stripe .attn {background-color: #D00}.stacktrace {white-space:pre;font-family:monospace}.totop {font-size:85%;text-align:center;border-bottom:2px solid #000}</style></head><body><table><tr><th>Test</th><th># Passed</th><th># Skipped</th><th># Failed</th><th>Time (ms)</th><th>Included Groups</th><th>Excluded Groups</th></tr><tr><th colspan="7">Default suite</th></tr><tr><td><a href="#t0">Default test</a></td><td class="num">0</td><td class="num">0</td><td class="num attn">1</td><td class="num">55,908</td><td></td><td></td></tr></table><table><thead><tr><th>Class</th><th>Method</th><th>Start</th><th>Time (ms)</th></tr></thead><tbody><tr><th colspan="4">Default suite</th></tr></tbody><tbody id="t0"><tr><th colspan="4">Default test &#8212; failed</th></tr><tr class="failedeven"><td rowspan="1">Core.TestOnSeleniumGrid</td><td><a href="#m0">testonFF</a></td><td rowspan="1">1473357246052</td><td rowspan="1">55844</td></tr></tbody></table><h2>Default test</h2><h3 id="m0">Core.TestOnSeleniumGrid#testonFF</h3><table class="result"><tr><th>Exception</th></tr><tr><td><div class="stacktrace">org.openqa.selenium.WebDriverException: Unable to connect to host 127.0.0.1 on port 7055 after 45000 ms. Firefox console output:
ue,&quot;active&quot;:true,&quot;userDisabled&quot;:false,&quot;appDisabled&quot;:false,&quot;descriptor&quot;:&quot;C:\\Program Files\\Mozilla Firefox\\browser\\extensions\\{972ce4c6-7e08-4474-a285-3208198ce6fd}.xpi&quot;,&quot;installDate&quot;:1473246817181,&quot;updateDate&quot;:1473246817181,&quot;applyBackgroundUpdates&quot;:1,&quot;skinnable&quot;:true,&quot;size&quot;:21905,&quot;sourceURI&quot;:null,&quot;releaseNotesURI&quot;:null,&quot;softDisabled&quot;:false,&quot;foreignInstall&quot;:false,&quot;hasBinaryComponents&quot;:false,&quot;strictCompatibility&quot;:true,&quot;locales&quot;:[],&quot;targetApplications&quot;:[{&quot;id&quot;:&quot;{ec8030f7-c20a-464f-9b0e-13a3a9e97384}&quot;,&quot;minVersion&quot;:&quot;48.0.2&quot;,&quot;maxVersion&quot;:&quot;48.0.2&quot;}],&quot;targetPlatforms&quot;:[],&quot;seen&quot;:true}
1473357257541	addons.xpi	DEBUG	getModTime: Recursive scan of {972ce4c6-7e08-4474-a285-3208198ce6fd}
1473357257544	DeferredSave.extensions.json	DEBUG	Save changes
1473357257545	addons.xpi	DEBUG	Updating database with changes to installed add-ons
1473357257545	addons.xpi-utils	DEBUG	Updating add-on states
1473357257547	addons.xpi-utils	DEBUG	Writing add-ons list
1473357257555	addons.xpi	DEBUG	Registering manifest for C:\Program Files\Mozilla Firefox\browser\features\e10srollout@mozilla.org.xpi
1473357257557	addons.xpi	DEBUG	Calling bootstrap method startup on e10srollout@mozilla.org version 1.1
1473357257557	addons.xpi	DEBUG	Registering manifest for C:\Program Files\Mozilla Firefox\browser\features\firefox@getpocket.com.xpi
1473357257559	addons.xpi	DEBUG	Calling bootstrap method startup on firefox@getpocket.com version 1.0.4
1473357257561	addons.xpi	DEBUG	Registering manifest for C:\Program Files\Mozilla Firefox\browser\features\loop@mozilla.org.xpi
1473357257563	addons.xpi	DEBUG	Calling bootstrap method startup on loop@mozilla.org version 1.4.4
1473357257626	addons.manager	DEBUG	Registering shutdown blocker for XPIProvider
1473357257627	addons.manager	DEBUG	Provider finished startup: XPIProvider
1473357257627	addons.manager	DEBUG	Starting provider: LightweightThemeManager
1473357257628	addons.manager	DEBUG	Registering shutdown blocker for LightweightThemeManager
1473357257629	addons.manager	DEBUG	Provider finished startup: LightweightThemeManager
1473357257631	addons.manager	DEBUG	Starting provider: GMPProvider
1473357257652	addons.manager	DEBUG	Registering shutdown blocker for GMPProvider
1473357257653	addons.manager	DEBUG	Provider finished startup: GMPProvider
1473357257653	addons.manager	DEBUG	Starting provider: PluginProvider
1473357257653	addons.manager	DEBUG	Registering shutdown blocker for PluginProvider
1473357257654	addons.manager	DEBUG	Provider finished startup: PluginProvider
1473357257655	addons.manager	DEBUG	Completed startup sequence
[GFX1]: Potential driver version mismatch ignored due to missing DLLs 0.0.0.0 and 0.0.0.0
1473357259827	addons.manager	DEBUG	Starting provider: &lt;unnamed-provider&gt;
1473357259827	addons.manager	DEBUG	Registering shutdown blocker for &lt;unnamed-provider&gt;
1473357259828	addons.manager	DEBUG	Provider finished startup: &lt;unnamed-provider&gt;
1473357260828	DeferredSave.extensions.json	DEBUG	Write succeeded
1473357260829	addons.xpi-utils	DEBUG	XPI Database saved, setting schema version preference to 17
1473357260829	DeferredSave.extensions.json	DEBUG	Starting timer
1473357260855	DeferredSave.extensions.json	DEBUG	Starting write
1473357260880	addons.repository	DEBUG	No addons.json found.
1473357260882	DeferredSave.addons.json	DEBUG	Save changes
1473357260922	DeferredSave.addons.json	DEBUG	Starting timer
1473357261492	addons.manager	DEBUG	Starting provider: PreviousExperimentProvider
1473357261493	addons.manager	DEBUG	Registering shutdown blocker for PreviousExperimentProvider
1473357261493	addons.manager	DEBUG	Provider finished startup: PreviousExperimentProvider
1473357261509	DeferredSave.addons.json	DEBUG	Starting write
1473357261530	DeferredSave.extensions.json	DEBUG	Write succeeded
1473357261893	DeferredSave.addons.json	DEBUG	Write succeeded
Crash Annotation GraphicsCriticalError: |[C0][GFX1]: Potential driver version mismatch ignored due to missing DLLs 0.0.0.0 and 0.0.0.0 (t=5.19629) [GFX1]: Potential driver version mismatch ignored due to missing DLLs 0.0.0.0 and 0.0.0.0

Command duration or timeout: 54.80 seconds
Build info: version: &apos;2.48.2&apos;, revision: &apos;41bccdd&apos;, time: &apos;2015-10-09 19:59:12&apos;
System info: host: &apos;SUNNY-PC&apos;, ip: &apos;169.254.0.226&apos;, os.name: &apos;Windows 7&apos;, os.arch: &apos;x86&apos;, os.version: &apos;6.1&apos;, java.version: &apos;1.8.0_102&apos;
Driver info: org.openqa.selenium.remote.RemoteWebDriver
	at sun.reflect.NativeConstructorAccessorImpl.newInstance0(Native Method)
	at sun.reflect.NativeConstructorAccessorImpl.newInstance(NativeConstructorAccessorImpl.java:62)
	at sun.reflect.DelegatingConstructorAccessorImpl.newInstance(DelegatingConstructorAccessorImpl.java:45)
	at java.lang.reflect.Constructor.newInstance(Constructor.java:423)
	at org.openqa.selenium.remote.ErrorHandler.createThrowable(ErrorHandler.java:206)
	at org.openqa.selenium.remote.ErrorHandler.throwIfResponseFailed(ErrorHandler.java:158)
	at org.openqa.selenium.remote.RemoteWebDriver.execute(RemoteWebDriver.java:647)
	at org.openqa.selenium.remote.RemoteWebDriver.startSession(RemoteWebDriver.java:247)
	at org.openqa.selenium.remote.RemoteWebDriver.&lt;init&gt;(RemoteWebDriver.java:129)
	at org.openqa.selenium.remote.RemoteWebDriver.&lt;init&gt;(RemoteWebDriver.java:156)
	at Core.TestOnSeleniumGrid.testonFF(TestOnSeleniumGrid.java:24)
	at sun.reflect.NativeMethodAccessorImpl.invoke0(Native Method)
	at sun.reflect.NativeMethodAccessorImpl.invoke(NativeMethodAccessorImpl.java:62)
	at sun.reflect.DelegatingMethodAccessorImpl.invoke(DelegatingMethodAccessorImpl.java:43)
	at java.lang.reflect.Method.invoke(Method.java:498)
	at org.testng.internal.MethodInvocationHelper.invokeMethod(MethodInvocationHelper.java:85)
	at org.testng.internal.Invoker.invokeMethod(Invoker.java:639)
	at org.testng.internal.Invoker.invokeTestMethod(Invoker.java:821)
	at org.testng.internal.Invoker.invokeTestMethods(Invoker.java:1131)
	at org.testng.internal.TestMethodWorker.invokeTestMethods(TestMethodWorker.java:124)
	at org.testng.internal.TestMethodWorker.run(TestMethodWorker.java:108)
	at org.testng.TestRunner.privateRun(TestRunner.java:773)
	at org.testng.TestRunner.run(TestRunner.java:623)
	at org.testng.SuiteRunner.runTest(SuiteRunner.java:357)
	at org.testng.SuiteRunner.runSequentially(SuiteRunner.java:352)
	at org.testng.SuiteRunner.privateRun(SuiteRunner.java:310)
	at org.testng.SuiteRunner.run(SuiteRunner.java:259)
	at org.testng.SuiteRunnerWorker.runSuite(SuiteRunnerWorker.java:52)
	at org.testng.SuiteRunnerWorker.run(SuiteRunnerWorker.java:86)
	at org.testng.TestNG.runSuitesSequentially(TestNG.java:1185)
	at org.testng.TestNG.runSuitesLocally(TestNG.java:1110)
	at org.testng.TestNG.run(TestNG.java:1018)
	at org.testng.remote.RemoteTestNG.run(RemoteTestNG.java:111)
	at org.testng.remote.RemoteTestNG.initAndRun(RemoteTestNG.java:204)
	at org.testng.remote.RemoteTestNG.main(RemoteTestNG.java:175)
Caused by: org.openqa.selenium.remote.ErrorHandler$UnknownServerException: Unable to connect to host 127.0.0.1 on port 7055 after 45000 ms. Firefox console output:
ue,&quot;active&quot;:true,&quot;userDisabled&quot;:false,&quot;appDisabled&quot;:false,&quot;descriptor&quot;:&quot;C:\\Program Files\\Mozilla Firefox\\browser\\extensions\\{972ce4c6-7e08-4474-a285-3208198ce6fd}.xpi&quot;,&quot;installDate&quot;:1473246817181,&quot;updateDate&quot;:1473246817181,&quot;applyBackgroundUpdates&quot;:1,&quot;skinnable&quot;:true,&quot;size&quot;:21905,&quot;sourceURI&quot;:null,&quot;releaseNotesURI&quot;:null,&quot;softDisabled&quot;:false,&quot;foreignInstall&quot;:false,&quot;hasBinaryComponents&quot;:false,&quot;strictCompatibility&quot;:true,&quot;locales&quot;:[],&quot;targetApplications&quot;:[{&quot;id&quot;:&quot;{ec8030f7-c20a-464f-9b0e-13a3a9e97384}&quot;,&quot;minVersion&quot;:&quot;48.0.2&quot;,&quot;maxVersion&quot;:&quot;48.0.2&quot;}],&quot;targetPlatforms&quot;:[],&quot;seen&quot;:true}
1473357257541	addons.xpi	DEBUG	getModTime: Recursive scan of {972ce4c6-7e08-4474-a285-3208198ce6fd}
1473357257544	DeferredSave.extensions.json	DEBUG	Save changes
1473357257545	addons.xpi	DEBUG	Updating database with changes to installed add-ons
1473357257545	addons.xpi-utils	DEBUG	Updating add-on states
1473357257547	addons.xpi-utils	DEBUG	Writing add-ons list
1473357257555	addons.xpi	DEBUG	Registering manifest for C:\Program Files\Mozilla Firefox\browser\features\e10srollout@mozilla.org.xpi
1473357257557	addons.xpi	DEBUG	Calling bootstrap method startup on e10srollout@mozilla.org version 1.1
1473357257557	addons.xpi	DEBUG	Registering manifest for C:\Program Files\Mozilla Firefox\browser\features\firefox@getpocket.com.xpi
1473357257559	addons.xpi	DEBUG	Calling bootstrap method startup on firefox@getpocket.com version 1.0.4
1473357257561	addons.xpi	DEBUG	Registering manifest for C:\Program Files\Mozilla Firefox\browser\features\loop@mozilla.org.xpi
1473357257563	addons.xpi	DEBUG	Calling bootstrap method startup on loop@mozilla.org version 1.4.4
1473357257626	addons.manager	DEBUG	Registering shutdown blocker for XPIProvider
1473357257627	addons.manager	DEBUG	Provider finished startup: XPIProvider
1473357257627	addons.manager	DEBUG	Starting provider: LightweightThemeManager
1473357257628	addons.manager	DEBUG	Registering shutdown blocker for LightweightThemeManager
1473357257629	addons.manager	DEBUG	Provider finished startup: LightweightThemeManager
1473357257631	addons.manager	DEBUG	Starting provider: GMPProvider
1473357257652	addons.manager	DEBUG	Registering shutdown blocker for GMPProvider
1473357257653	addons.manager	DEBUG	Provider finished startup: GMPProvider
1473357257653	addons.manager	DEBUG	Starting provider: PluginProvider
1473357257653	addons.manager	DEBUG	Registering shutdown blocker for PluginProvider
1473357257654	addons.manager	DEBUG	Provider finished startup: PluginProvider
1473357257655	addons.manager	DEBUG	Completed startup sequence
[GFX1]: Potential driver version mismatch ignored due to missing DLLs 0.0.0.0 and 0.0.0.0
1473357259827	addons.manager	DEBUG	Starting provider: &lt;unnamed-provider&gt;
1473357259827	addons.manager	DEBUG	Registering shutdown blocker for &lt;unnamed-provider&gt;
1473357259828	addons.manager	DEBUG	Provider finished startup: &lt;unnamed-provider&gt;
1473357260828	DeferredSave.extensions.json	DEBUG	Write succeeded
1473357260829	addons.xpi-utils	DEBUG	XPI Database saved, setting schema version preference to 17
1473357260829	DeferredSave.extensions.json	DEBUG	Starting timer
1473357260855	DeferredSave.extensions.json	DEBUG	Starting write
1473357260880	addons.repository	DEBUG	No addons.json found.
1473357260882	DeferredSave.addons.json	DEBUG	Save changes
1473357260922	DeferredSave.addons.json	DEBUG	Starting timer
1473357261492	addons.manager	DEBUG	Starting provider: PreviousExperimentProvider
1473357261493	addons.manager	DEBUG	Registering shutdown blocker for PreviousExperimentProvider
1473357261493	addons.manager	DEBUG	Provider finished startup: PreviousExperimentProvider
1473357261509	DeferredSave.addons.json	DEBUG	Starting write
1473357261530	DeferredSave.extensions.json	DEBUG	Write succeeded
1473357261893	DeferredSave.addons.json	DEBUG	Write succeeded
Crash Annotation GraphicsCriticalError: |[C0][GFX1]: Potential driver version mismatch ignored due to missing DLLs 0.0.0.0 and 0.0.0.0 (t=5.19629) [GFX1]: Potential driver version mismatch ignored due to missing DLLs 0.0.0.0 and 0.0.0.0

Build info: version: &apos;2.48.2&apos;, revision: &apos;41bccdd&apos;, time: &apos;2015-10-09 19:59:12&apos;
System info: host: &apos;SUNNY-PC&apos;, ip: &apos;169.254.0.226&apos;, os.name: &apos;Windows 7&apos;, os.arch: &apos;x86&apos;, os.version: &apos;6.1&apos;, java.version: &apos;1.8.0_102&apos;
Driver info: driver.version: FirefoxDriver
	at org.openqa.selenium.firefox.internal.NewProfileExtensionConnection.start(NewProfileExtensionConnection.java:122)
	at org.openqa.selenium.firefox.FirefoxDriver.startClient(FirefoxDriver.java:271)
	at org.openqa.selenium.remote.RemoteWebDriver.&lt;init&gt;(RemoteWebDriver.java:117)
	at org.openqa.selenium.firefox.FirefoxDriver.&lt;init&gt;(FirefoxDriver.java:218)
	at org.openqa.selenium.firefox.FirefoxDriver.&lt;init&gt;(FirefoxDriver.java:211)
	at org.openqa.selenium.firefox.FirefoxDriver.&lt;init&gt;(FirefoxDriver.java:129)
	at sun.reflect.NativeConstructorAccessorImpl.newInstance0(Native Method)
	at sun.reflect.NativeConstructorAccessorImpl.newInstance(Unknown Source)
	at sun.reflect.DelegatingConstructorAccessorImpl.newInstance(Unknown Source)
	at java.lang.reflect.Constructor.newInstance(Unknown Source)
	at org.openqa.selenium.remote.server.FirefoxDriverProvider.callConstructor(FirefoxDriverProvider.java:91)
	at org.openqa.selenium.remote.server.FirefoxDriverProvider.newInstance(FirefoxDriverProvider.java:68)
	at org.openqa.selenium.remote.server.DefaultDriverFactory.newInstance(DefaultDriverFactory.java:60)
	at org.openqa.selenium.remote.server.DefaultSession$BrowserCreator.call(DefaultSession.java:222)
	at org.openqa.selenium.remote.server.DefaultSession$BrowserCreator.call(DefaultSession.java:1)
	at java.util.concurrent.FutureTask.run(Unknown Source)
	at org.openqa.selenium.remote.server.DefaultSession$1.run(DefaultSession.java:176)
	at java.util.concurrent.ThreadPoolExecutor.runWorker(Unknown Source)
	at java.util.concurrent.ThreadPoolExecutor$Worker.run(Unknown Source)
	at java.lang.Thread.run(Unknown Source)
</div></td></tr></table><p class="totop"><a href="#summary">back to summary</a></p></body></html>